[0.000000] (-) TimerEvent: {}
[0.001682] (py_pubsub) JobQueued: {'identifier': 'py_pubsub', 'dependencies': OrderedDict()}
[0.002325] (py_pubsub) JobStarted: {'identifier': 'py_pubsub'}
[0.099001] (-) TimerEvent: {}
[0.199719] (-) TimerEvent: {}
[0.300545] (-) TimerEvent: {}
[0.401443] (-) TimerEvent: {}
[0.502318] (-) TimerEvent: {}
[0.603305] (-) TimerEvent: {}
[0.704422] (-) TimerEvent: {}
[0.805225] (-) TimerEvent: {}
[0.905837] (-) TimerEvent: {}
[1.006708] (-) TimerEvent: {}
[1.107351] (-) TimerEvent: {}
[1.207963] (-) TimerEvent: {}
[1.308745] (-) TimerEvent: {}
[1.409806] (-) TimerEvent: {}
[1.510643] (-) TimerEvent: {}
[1.611297] (-) TimerEvent: {}
[1.712039] (-) TimerEvent: {}
[1.812923] (-) TimerEvent: {}
[1.915814] (-) TimerEvent: {}
[2.016449] (-) TimerEvent: {}
[2.117094] (-) TimerEvent: {}
[2.218052] (-) TimerEvent: {}
[2.318709] (-) TimerEvent: {}
[2.419370] (-) TimerEvent: {}
[2.520027] (-) TimerEvent: {}
[2.620988] (-) TimerEvent: {}
[2.721692] (-) TimerEvent: {}
[2.822477] (-) TimerEvent: {}
[2.923298] (-) TimerEvent: {}
[3.024162] (-) TimerEvent: {}
[3.125033] (-) TimerEvent: {}
[3.227071] (-) TimerEvent: {}
[3.268875] (py_pubsub) Command: {'cmd': ['/usr/bin/python3', '-W', 'ignore:setup.py install is deprecated', 'setup.py', 'egg_info', '--egg-base', '../build/py_pubsub', 'build', '--build-base', '/home/jblevins32/ros2_ws/build/py_pubsub/build', 'install', '--record', '/home/jblevins32/ros2_ws/build/py_pubsub/install.log', '--single-version-externally-managed', 'install_data'], 'cwd': '/home/jblevins32/ros2_ws/py_pubsub', 'env': {'LESSOPEN': '| /usr/bin/lesspipe %s', 'USER': 'jblevins32', 'SSH_CLIENT': '172.20.10.7 42900 22', 'XDG_SESSION_TYPE': 'tty', 'SHLVL': '1', 'LD_LIBRARY_PATH': '/opt/ros/humble/opt/rviz_ogre_vendor/lib:/opt/ros/humble/lib/aarch64-linux-gnu:/opt/ros/humble/lib', 'MOTD_SHOWN': 'pam', 'HOME': '/home/jblevins32', 'OLDPWD': '/home/jblevins32', 'SSH_TTY': '/dev/pts/1', 'ROS_PYTHON_VERSION': '3', 'DBUS_SESSION_BUS_ADDRESS': 'unix:path=/run/user/1000/bus', 'COLCON_PREFIX_PATH': '/home/jblevins32/turtlebot3_ws/install', 'ROS_DISTRO': 'humble', 'LOGNAME': 'jblevins32', '_': '/usr/bin/colcon', 'ROS_VERSION': '2', 'XDG_SESSION_CLASS': 'user', 'TERM': 'xterm-256color', 'XDG_SESSION_ID': '5', 'ROS_LOCALHOST_ONLY': '0', 'PATH': '/opt/ros/humble/bin:/usr/local/sbin:/usr/local/bin:/usr/sbin:/usr/bin:/sbin:/bin:/usr/games:/usr/local/games:/snap/bin', 'XDG_RUNTIME_DIR': '/run/user/1000', 'LANG': 'en_US.UTF-8', 'LS_COLORS': 'rs=0:di=01;34:ln=01;36:mh=00:pi=40;33:so=01;35:do=01;35:bd=40;33;01:cd=40;33;01:or=40;31;01:mi=00:su=37;41:sg=30;43:ca=30;41:tw=30;42:ow=34;42:st=37;44:ex=01;32:*.tar=01;31:*.tgz=01;31:*.arc=01;31:*.arj=01;31:*.taz=01;31:*.lha=01;31:*.lz4=01;31:*.lzh=01;31:*.lzma=01;31:*.tlz=01;31:*.txz=01;31:*.tzo=01;31:*.t7z=01;31:*.zip=01;31:*.z=01;31:*.dz=01;31:*.gz=01;31:*.lrz=01;31:*.lz=01;31:*.lzo=01;31:*.xz=01;31:*.zst=01;31:*.tzst=01;31:*.bz2=01;31:*.bz=01;31:*.tbz=01;31:*.tbz2=01;31:*.tz=01;31:*.deb=01;31:*.rpm=01;31:*.jar=01;31:*.war=01;31:*.ear=01;31:*.sar=01;31:*.rar=01;31:*.alz=01;31:*.ace=01;31:*.zoo=01;31:*.cpio=01;31:*.7z=01;31:*.rz=01;31:*.cab=01;31:*.wim=01;31:*.swm=01;31:*.dwm=01;31:*.esd=01;31:*.jpg=01;35:*.jpeg=01;35:*.mjpg=01;35:*.mjpeg=01;35:*.gif=01;35:*.bmp=01;35:*.pbm=01;35:*.pgm=01;35:*.ppm=01;35:*.tga=01;35:*.xbm=01;35:*.xpm=01;35:*.tif=01;35:*.tiff=01;35:*.png=01;35:*.svg=01;35:*.svgz=01;35:*.mng=01;35:*.pcx=01;35:*.mov=01;35:*.mpg=01;35:*.mpeg=01;35:*.m2v=01;35:*.mkv=01;35:*.webm=01;35:*.webp=01;35:*.ogm=01;35:*.mp4=01;35:*.m4v=01;35:*.mp4v=01;35:*.vob=01;35:*.qt=01;35:*.nuv=01;35:*.wmv=01;35:*.asf=01;35:*.rm=01;35:*.rmvb=01;35:*.flc=01;35:*.avi=01;35:*.fli=01;35:*.flv=01;35:*.gl=01;35:*.dl=01;35:*.xcf=01;35:*.xwd=01;35:*.yuv=01;35:*.cgm=01;35:*.emf=01;35:*.ogv=01;35:*.ogx=01;35:*.aac=00;36:*.au=00;36:*.flac=00;36:*.m4a=00;36:*.mid=00;36:*.midi=00;36:*.mka=00;36:*.mp3=00;36:*.mpc=00;36:*.ogg=00;36:*.ra=00;36:*.wav=00;36:*.oga=00;36:*.opus=00;36:*.spx=00;36:*.xspf=00;36:', 'ROS_DOMAIN_ID': '30', 'AMENT_PREFIX_PATH': '/home/jblevins32/turtlebot3_ws/install/turtlebot3:/home/jblevins32/turtlebot3_ws/install/turtlebot3_teleop:/home/jblevins32/turtlebot3_ws/install/turtlebot3_bringup:/home/jblevins32/turtlebot3_ws/install/turtlebot3_node:/home/jblevins32/turtlebot3_ws/install/turtlebot3_example:/home/jblevins32/turtlebot3_ws/install/turtlebot3_description:/home/jblevins32/turtlebot3_ws/install/ld08_driver:/opt/ros/humble', 'SHELL': '/bin/bash', 'LESSCLOSE': '/usr/bin/lesspipe %s %s', 'PWD': '/home/jblevins32/ros2_ws/build/py_pubsub', 'LC_ALL': 'en_US.UTF-8', 'SSH_CONNECTION': '172.20.10.7 42900 172.20.10.6 22', 'XDG_DATA_DIRS': '/usr/local/share:/usr/share:/var/lib/snapd/desktop', 'LDS_MODEL': 'LDS-02', 'PYTHONPATH': '/home/jblevins32/ros2_ws/build/py_pubsub/prefix_override:/home/jblevins32/ros2_ws/install/py_pubsub/lib/python3.10/site-packages:/home/jblevins32/turtlebot3_ws/build/turtlebot3_teleop:/home/jblevins32/turtlebot3_ws/install/turtlebot3_teleop/lib/python3.10/site-packages:/home/jblevins32/turtlebot3_ws/build/turtlebot3_example:/home/jblevins32/turtlebot3_ws/install/turtlebot3_example/lib/python3.10/site-packages:/opt/ros/humble/lib/python3.10/site-packages:/opt/ros/humble/local/lib/python3.10/dist-packages', 'COLCON': '1', 'CMAKE_PREFIX_PATH': '/home/jblevins32/turtlebot3_ws/install/turtlebot3:/home/jblevins32/turtlebot3_ws/install/turtlebot3_bringup:/home/jblevins32/turtlebot3_ws/install/turtlebot3_node:/home/jblevins32/turtlebot3_ws/install/turtlebot3_description:/home/jblevins32/turtlebot3_ws/install/ld08_driver'}, 'shell': False}
[3.327202] (-) TimerEvent: {}
[3.428095] (-) TimerEvent: {}
[3.528793] (-) TimerEvent: {}
[3.629680] (-) TimerEvent: {}
[3.730572] (-) TimerEvent: {}
[3.831232] (-) TimerEvent: {}
[3.931918] (-) TimerEvent: {}
[4.032651] (-) TimerEvent: {}
[4.133465] (-) TimerEvent: {}
[4.145580] (py_pubsub) StderrLine: {'line': b'Traceback (most recent call last):\n'}
[4.146292] (py_pubsub) StderrLine: {'line': b'  File "/usr/lib/python3/dist-packages/pkg_resources/__init__.py", line 2031, in try_parse\n'}
[4.149640] (py_pubsub) StderrLine: {'line': b'    return packaging.version.Version(name)\n'}
[4.150303] (py_pubsub) StderrLine: {'line': b'  File "/usr/lib/python3/dist-packages/pkg_resources/_vendor/packaging/version.py", line 266, in __init__\n'}
[4.151075] (py_pubsub) StderrLine: {'line': b'    raise InvalidVersion(f"Invalid version: \'{version}\'")\n'}
[4.151751] (py_pubsub) StderrLine: {'line': b"pkg_resources.extern.packaging.version.InvalidVersion: Invalid version: 'py3.10'\n"}
[4.152062] (py_pubsub) StderrLine: {'line': b'\n'}
[4.152546] (py_pubsub) StderrLine: {'line': b'During handling of the above exception, another exception occurred:\n'}
[4.152846] (py_pubsub) StderrLine: {'line': b'\n'}
[4.153291] (py_pubsub) StderrLine: {'line': b'Traceback (most recent call last):\n'}
[4.153604] (py_pubsub) StderrLine: {'line': b'  File "/home/jblevins32/ros2_ws/py_pubsub/setup.py", line 1, in <module>\n'}
[4.153957] (py_pubsub) StderrLine: {'line': b'    from setuptools import find_packages, setup\n'}
[4.154458] (py_pubsub) StderrLine: {'line': b'  File "/usr/lib/python3/dist-packages/setuptools/__init__.py", line 16, in <module>\n'}
[4.154747] (py_pubsub) StderrLine: {'line': b'    import setuptools.version\n'}
[4.155193] (py_pubsub) StderrLine: {'line': b'  File "/usr/lib/python3/dist-packages/setuptools/version.py", line 1, in <module>\n'}
[4.155484] (py_pubsub) StderrLine: {'line': b'    import pkg_resources\n'}
[4.155744] (py_pubsub) StderrLine: {'line': b'  File "/usr/lib/python3/dist-packages/pkg_resources/__init__.py", line 3267, in <module>\n'}
[4.156004] (py_pubsub) StderrLine: {'line': b'    def _initialize_master_working_set():\n'}
[4.156377] (py_pubsub) StderrLine: {'line': b'  File "/usr/lib/python3/dist-packages/pkg_resources/__init__.py", line 3241, in _call_aside\n'}
[4.156686] (py_pubsub) StderrLine: {'line': b'    f(*args, **kwargs)\n'}
[4.156951] (py_pubsub) StderrLine: {'line': b'  File "/usr/lib/python3/dist-packages/pkg_resources/__init__.py", line 3302, in _initialize_master_working_set\n'}
[4.157686] (py_pubsub) StderrLine: {'line': b'    list(map(working_set.add_entry, sys.path))\n'}
[4.158181] (py_pubsub) StderrLine: {'line': b'  File "/usr/lib/python3/dist-packages/pkg_resources/__init__.py", line 613, in add_entry\n'}
[4.158648] (py_pubsub) StderrLine: {'line': b'    for dist in find_distributions(entry, True):\n'}
[4.158933] (py_pubsub) StderrLine: {'line': b'  File "/usr/lib/python3/dist-packages/pkg_resources/__init__.py", line 2073, in find_on_path\n'}
[4.159457] (py_pubsub) StderrLine: {'line': b'    path_item_entries = _by_version_descending(filtered)\n'}
[4.159985] (py_pubsub) StderrLine: {'line': b'  File "/usr/lib/python3/dist-packages/pkg_resources/__init__.py", line 2043, in _by_version_descending\n'}
[4.161019] (py_pubsub) StderrLine: {'line': b'    return sorted(names, key=_by_version, reverse=True)\n'}
[4.161645] (py_pubsub) StderrLine: {'line': b'  File "/usr/lib/python3/dist-packages/pkg_resources/__init__.py", line 2041, in _by_version\n'}
[4.162827] (py_pubsub) StderrLine: {'line': b'    return [try_parse(part) for part in parts]\n'}
[4.164185] (py_pubsub) StderrLine: {'line': b'  File "/usr/lib/python3/dist-packages/pkg_resources/__init__.py", line 2041, in <listcomp>\n'}
[4.166473] (py_pubsub) StderrLine: {'line': b'    return [try_parse(part) for part in parts]\n'}
[4.167021] (py_pubsub) StderrLine: {'line': b'  File "/usr/lib/python3/dist-packages/pkg_resources/__init__.py", line 2033, in try_parse\n'}
[4.167684] (py_pubsub) StderrLine: {'line': b"    return packaging.version.Version('0')\n"}
[4.168443] (py_pubsub) StderrLine: {'line': b'  File "/usr/lib/python3/dist-packages/pkg_resources/_vendor/packaging/version.py", line 271, in __init__\n'}
[4.169341] (py_pubsub) StderrLine: {'line': b'    release=tuple(int(i) for i in match.group("release").split(".")),\n'}
[4.170277] (py_pubsub) StderrLine: {'line': b'KeyboardInterrupt\n'}
[4.233785] (-) TimerEvent: {}
[4.256498] (py_pubsub) CommandEnded: {'returncode': -2}
[4.257544] (py_pubsub) JobEnded: {'identifier': 'py_pubsub', 'rc': 'SIGINT'}
[4.267946] (-) EventReactorShutdown: {}
