[3.269s] Invoking command in '/home/jblevins32/ros2_ws/py_pubsub': PYTHONPATH=/home/jblevins32/ros2_ws/build/py_pubsub/prefix_override:/home/jblevins32/ros2_ws/install/py_pubsub/lib/python3.10/site-packages:${PYTHONPATH} /usr/bin/python3 -W ignore:setup.py install is deprecated setup.py egg_info --egg-base ../build/py_pubsub build --build-base /home/jblevins32/ros2_ws/build/py_pubsub/build install --record /home/jblevins32/ros2_ws/build/py_pubsub/install.log --single-version-externally-managed install_data
[4.143s] Traceback (most recent call last):
[4.144s]   File "/usr/lib/python3/dist-packages/pkg_resources/__init__.py", line 2031, in try_parse
[4.147s]     return packaging.version.Version(name)
[4.148s]   File "/usr/lib/python3/dist-packages/pkg_resources/_vendor/packaging/version.py", line 266, in __init__
[4.149s]     raise InvalidVersion(f"Invalid version: '{version}'")
[4.149s] pkg_resources.extern.packaging.version.InvalidVersion: Invalid version: 'py3.10'
[4.150s] 
[4.150s] During handling of the above exception, another exception occurred:
[4.150s] 
[4.151s] Traceback (most recent call last):
[4.151s]   File "/home/jblevins32/ros2_ws/py_pubsub/setup.py", line 1, in <module>
[4.152s]     from setuptools import find_packages, setup
[4.152s]   File "/usr/lib/python3/dist-packages/setuptools/__init__.py", line 16, in <module>
[4.152s]     import setuptools.version
[4.153s]   File "/usr/lib/python3/dist-packages/setuptools/version.py", line 1, in <module>
[4.153s]     import pkg_resources
[4.153s]   File "/usr/lib/python3/dist-packages/pkg_resources/__init__.py", line 3267, in <module>
[4.153s]     def _initialize_master_working_set():
[4.154s]   File "/usr/lib/python3/dist-packages/pkg_resources/__init__.py", line 3241, in _call_aside
[4.154s]     f(*args, **kwargs)
[4.154s]   File "/usr/lib/python3/dist-packages/pkg_resources/__init__.py", line 3302, in _initialize_master_working_set
[4.155s]     list(map(working_set.add_entry, sys.path))
[4.156s]   File "/usr/lib/python3/dist-packages/pkg_resources/__init__.py", line 613, in add_entry
[4.156s]     for dist in find_distributions(entry, True):
[4.156s]   File "/usr/lib/python3/dist-packages/pkg_resources/__init__.py", line 2073, in find_on_path
[4.157s]     path_item_entries = _by_version_descending(filtered)
[4.158s]   File "/usr/lib/python3/dist-packages/pkg_resources/__init__.py", line 2043, in _by_version_descending
[4.159s]     return sorted(names, key=_by_version, reverse=True)
[4.159s]   File "/usr/lib/python3/dist-packages/pkg_resources/__init__.py", line 2041, in _by_version
[4.161s]     return [try_parse(part) for part in parts]
[4.162s]   File "/usr/lib/python3/dist-packages/pkg_resources/__init__.py", line 2041, in <listcomp>
[4.164s]     return [try_parse(part) for part in parts]
[4.164s]   File "/usr/lib/python3/dist-packages/pkg_resources/__init__.py", line 2033, in try_parse
[4.165s]     return packaging.version.Version('0')
[4.166s]   File "/usr/lib/python3/dist-packages/pkg_resources/_vendor/packaging/version.py", line 271, in __init__
[4.167s]     release=tuple(int(i) for i in match.group("release").split(".")),
[4.168s] KeyboardInterrupt
[4.254s] Invoked command in '/home/jblevins32/ros2_ws/py_pubsub' returned '-2': PYTHONPATH=/home/jblevins32/ros2_ws/build/py_pubsub/prefix_override:/home/jblevins32/ros2_ws/install/py_pubsub/lib/python3.10/site-packages:${PYTHONPATH} /usr/bin/python3 -W ignore:setup.py install is deprecated setup.py egg_info --egg-base ../build/py_pubsub build --build-base /home/jblevins32/ros2_ws/build/py_pubsub/build install --record /home/jblevins32/ros2_ws/build/py_pubsub/install.log --single-version-externally-managed install_data
